#
# There is insufficient memory for the Java Runtime Environment to continue.
# Native memory allocation (mmap) failed to map 65536 bytes for Failed to commit metaspace.
# Possible reasons:
#   The system is out of physical RAM or swap space
#   The process is running with CompressedOops enabled, and the Java Heap may be blocking the growth of the native heap
# Possible solutions:
#   Reduce memory load on the system
#   Increase physical memory or swap space
#   Check if swap backing store is full
#   Decrease Java heap size (-Xmx/-Xms)
#   Decrease number of Java threads
#   Decrease Java thread stack sizes (-Xss)
#   Set larger code cache with -XX:ReservedCodeCacheSize=
#   JVM is running with Zero Based Compressed Oops mode in which the Java heap is
#     placed in the first 32GB address space. The Java Heap base address is the
#     maximum limit for the native heap growth. Please use -XX:HeapBaseMinAddress
#     to set the Java Heap base and to place the Java Heap above 32GB virtual address.
# This output file may be truncated or incomplete.
#
#  Out of Memory Error (virtualSpaceNode.cpp:110), pid=26792, tid=18016
#
# JRE version: OpenJDK Runtime Environment Temurin-17.0.7+7 (17.0.7+7) (build 17.0.7+7)
# Java VM: OpenJDK 64-Bit Server VM Temurin-17.0.7+7 (17.0.7+7, mixed mode, sharing, tiered, compressed oops, compressed class ptrs, g1 gc, windows-amd64)
# No core dump will be written. Minidumps are not enabled by default on client versions of Windows
#

---------------  S U M M A R Y ------------

Command Line: -Djava.awt.headless=true -Dscanner.home=C:\Users\jrmic\.sonar\native-sonar-scanner\sonar-scanner-5.0.1.3006-windows\bin\.. -Dproject.home=C:\Users\jrmic\OneDrive\Escritorio\Arquitectura de software org.sonarsource.scanner.cli.Main --from=ScannerNpm/3.3.0

Host: 12th Gen Intel(R) Core(TM) i7-12650H, 16 cores, 15G,  Windows 11 , 64 bit Build 22621 (10.0.22621.2506)
Time: Tue Jan 23 00:33:58 2024 Hora estándar central (México) elapsed time: 29.584746 seconds (0d 0h 0m 29s)

---------------  T H R E A D  ---------------

Current thread (0x000001e3fba4b400):  JavaThread "main" [_thread_in_vm, id=18016, stack(0x000000dcb3000000,0x000000dcb3100000)]

Stack: [0x000000dcb3000000,0x000000dcb3100000]
Native frames: (J=compiled Java code, j=interpreted, Vv=VM code, C=native code)
V  [jvm.dll+0x67754a]
V  [jvm.dll+0x834304]
V  [jvm.dll+0x835aae]
V  [jvm.dll+0x836113]
V  [jvm.dll+0x24696f]
V  [jvm.dll+0x83039b]
V  [jvm.dll+0x61c006]
V  [jvm.dll+0x1c169e]
V  [jvm.dll+0x61e961]
V  [jvm.dll+0x61c9a6]
V  [jvm.dll+0x23aeff]
V  [jvm.dll+0x626845]
V  [jvm.dll+0x1eb47b]
V  [jvm.dll+0x1eb9b5]
V  [jvm.dll+0x1ec3ef]
V  [jvm.dll+0x1e1891]
V  [jvm.dll+0x53ea50]
V  [jvm.dll+0x7afc28]
V  [jvm.dll+0x7afd14]
V  [jvm.dll+0x40de05]
V  [jvm.dll+0x413f58]
C  [java.dll+0x17ec]

Java frames: (J=compiled Java code, j=interpreted, Vv=VM code)
J 1210  java.lang.ClassLoader.defineClass1(Ljava/lang/ClassLoader;Ljava/lang/String;[BIILjava/security/ProtectionDomain;Ljava/lang/String;)Ljava/lang/Class; java.base@17.0.7 (0 bytes) @ 0x000001e38caf2ee3 [0x000001e38caf2e20+0x00000000000000c3]
J 6004 c1 java.lang.ClassLoader.defineClass(Ljava/lang/String;[BIILjava/security/ProtectionDomain;)Ljava/lang/Class; java.base@17.0.7 (43 bytes) @ 0x000001e3855e93dc [0x000001e3855e9080+0x000000000000035c]
J 5259 c2 java.security.SecureClassLoader.defineClass(Ljava/lang/String;[BIILjava/security/CodeSource;)Ljava/lang/Class; java.base@17.0.7 (16 bytes) @ 0x000001e38ce6a1fc [0x000001e38ce6a0c0+0x000000000000013c]
J 5109 c2 java.net.URLClassLoader.findClass(Ljava/lang/String;)Ljava/lang/Class; java.base@17.0.7 (47 bytes) @ 0x000001e38ce3ff68 [0x000001e38ce3f060+0x0000000000000f08]
J 5405 c2 org.sonar.classloader.ClassRealm.loadClass(Ljava/lang/String;)Ljava/lang/Class; (7 bytes) @ 0x000001e38cc990b4 [0x000001e38cc982a0+0x0000000000000e14]
v  ~StubRoutines::call_stub
j  org.sonarsource.dotnet.shared.plugins.protobuf.LogImporter.<init>()V+1
j  org.sonarsource.dotnet.shared.plugins.LogSensor.execute(Lorg/sonar/api/batch/sensor/SensorContext;)V+4
j  org.sonar.scanner.sensor.AbstractSensorWrapper.analyse()V+60
j  org.sonar.scanner.sensor.ModuleSensorsExecutor.execute(Ljava/util/Collection;)V+57
j  org.sonar.scanner.sensor.ModuleSensorsExecutor.lambda$execute$1(Ljava/util/Collection;)V+2
j  org.sonar.scanner.sensor.ModuleSensorsExecutor$$Lambda$707+0x00000008017ac480.run()V+8
j  org.sonar.scanner.sensor.ModuleSensorsExecutor.withModuleStrategy(Ljava/lang/Runnable;)V+17
j  org.sonar.scanner.sensor.ModuleSensorsExecutor.execute()V+63
j  org.sonar.scanner.scan.SpringModuleScanContainer.doAfterStart()V+9
j  org.sonar.core.platform.SpringComponentContainer.startComponents()Lorg/sonar/core/platform/SpringComponentContainer;+12
j  org.sonar.core.platform.SpringComponentContainer.execute()V+3
j  org.sonar.scanner.scan.SpringProjectScanContainer.scan(Lorg/sonar/api/batch/fs/internal/DefaultInputModule;)V+9
j  org.sonar.scanner.scan.SpringProjectScanContainer.scanRecursively(Lorg/sonar/scanner/fs/InputModuleHierarchy;Lorg/sonar/api/batch/fs/internal/DefaultInputModule;)V+63
j  org.sonar.scanner.scan.SpringProjectScanContainer.doAfterStart()V+211
j  org.sonar.core.platform.SpringComponentContainer.startComponents()Lorg/sonar/core/platform/SpringComponentContainer;+12
j  org.sonar.core.platform.SpringComponentContainer.execute()V+3
j  org.sonar.scanner.bootstrap.SpringGlobalContainer.doAfterStart()V+119
j  org.sonar.core.platform.SpringComponentContainer.startComponents()Lorg/sonar/core/platform/SpringComponentContainer;+12
j  org.sonar.core.platform.SpringComponentContainer.execute()V+3
j  org.sonar.batch.bootstrapper.Batch.doExecute(Ljava/util/Map;Ljava/util/List;)Lorg/sonar/batch/bootstrapper/Batch;+9
j  org.sonar.batch.bootstrapper.Batch.execute()Lorg/sonar/batch/bootstrapper/Batch;+9
j  org.sonarsource.scanner.api.internal.batch.BatchIsolatedLauncher.execute(Ljava/util/Map;Lorg/sonarsource/scanner/api/internal/batch/LogOutput;)V+11
v  ~StubRoutines::call_stub
j  jdk.internal.reflect.NativeMethodAccessorImpl.invoke0(Ljava/lang/reflect/Method;Ljava/lang/Object;[Ljava/lang/Object;)Ljava/lang/Object;+0 java.base@17.0.7
j  jdk.internal.reflect.NativeMethodAccessorImpl.invoke(Ljava/lang/Object;[Ljava/lang/Object;)Ljava/lang/Object;+133 java.base@17.0.7
j  jdk.internal.reflect.DelegatingMethodAccessorImpl.invoke(Ljava/lang/Object;[Ljava/lang/Object;)Ljava/lang/Object;+6 java.base@17.0.7
j  java.lang.reflect.Method.invoke(Ljava/lang/Object;[Ljava/lang/Object;)Ljava/lang/Object;+59 java.base@17.0.7
j  org.sonarsource.scanner.api.internal.IsolatedLauncherProxy.invoke(Ljava/lang/Object;Ljava/lang/reflect/Method;[Ljava/lang/Object;)Ljava/lang/Object;+55
j  jdk.proxy1.$Proxy0.execute(Ljava/util/Map;Lorg/sonarsource/scanner/api/internal/batch/LogOutput;)V+20 jdk.proxy1
j  org.sonarsource.scanner.api.EmbeddedScanner.doExecute(Ljava/util/Map;)V+11
j  org.sonarsource.scanner.api.EmbeddedScanner.execute(Ljava/util/Map;)V+41
j  org.sonarsource.scanner.cli.Main.execute(Lorg/sonarsource/scanner/cli/Stats;Ljava/util/Properties;)V+5
j  org.sonarsource.scanner.cli.Main.execute()V+99
j  org.sonarsource.scanner.cli.Main.main([Ljava/lang/String;)V+70
v  ~StubRoutines::call_stub

---------------  P R O C E S S  ---------------

Threads class SMR info:
_java_thread_list=0x000001e3a78364a0, length=19, elements={
0x000001e3fba4b400, 0x000001e39e7b6300, 0x000001e39e7b7ec0, 0x000001e39e7cda80,
0x000001e39e7d0540, 0x000001e39e7d2f00, 0x000001e39e7d38b0, 0x000001e39e7d8660,
0x000001e39e7d9100, 0x000001e39e7ea850, 0x000001e39e9ca270, 0x000001e39e9d1830,
0x000001e3a329ca60, 0x000001e3a329cf30, 0x000001e3a3713010, 0x000001e3a37158f0,
0x000001e3a3fa9070, 0x000001e3a5323370, 0x000001e3a53256e0
}

Java Threads: ( => current thread )
=>0x000001e3fba4b400 JavaThread "main" [_thread_in_vm, id=18016, stack(0x000000dcb3000000,0x000000dcb3100000)]
  0x000001e39e7b6300 JavaThread "Reference Handler" daemon [_thread_blocked, id=17016, stack(0x000000dcb3700000,0x000000dcb3800000)]
  0x000001e39e7b7ec0 JavaThread "Finalizer" daemon [_thread_blocked, id=32384, stack(0x000000dcb3800000,0x000000dcb3900000)]
  0x000001e39e7cda80 JavaThread "Signal Dispatcher" daemon [_thread_blocked, id=17760, stack(0x000000dcb3900000,0x000000dcb3a00000)]
  0x000001e39e7d0540 JavaThread "Attach Listener" daemon [_thread_blocked, id=22036, stack(0x000000dcb3a00000,0x000000dcb3b00000)]
  0x000001e39e7d2f00 JavaThread "Service Thread" daemon [_thread_blocked, id=17212, stack(0x000000dcb3b00000,0x000000dcb3c00000)]
  0x000001e39e7d38b0 JavaThread "Monitor Deflation Thread" daemon [_thread_blocked, id=14212, stack(0x000000dcb3c00000,0x000000dcb3d00000)]
  0x000001e39e7d8660 JavaThread "C2 CompilerThread0" daemon [_thread_blocked, id=25632, stack(0x000000dcb3d00000,0x000000dcb3e00000)]
  0x000001e39e7d9100 JavaThread "C1 CompilerThread0" daemon [_thread_blocked, id=31752, stack(0x000000dcb3e00000,0x000000dcb3f00000)]
  0x000001e39e7ea850 JavaThread "Sweeper thread" daemon [_thread_blocked, id=32984, stack(0x000000dcb3f00000,0x000000dcb4000000)]
  0x000001e39e9ca270 JavaThread "Notification Thread" daemon [_thread_blocked, id=33736, stack(0x000000dcb4100000,0x000000dcb4200000)]
  0x000001e39e9d1830 JavaThread "Common-Cleaner" daemon [_thread_blocked, id=26136, stack(0x000000dcb4300000,0x000000dcb4400000)]
  0x000001e3a329ca60 JavaThread "OkHttp ConnectionPool" daemon [_thread_blocked, id=32328, stack(0x000000dcb4700000,0x000000dcb4800000)]
  0x000001e3a329cf30 JavaThread "Okio Watchdog" daemon [_thread_blocked, id=29840, stack(0x000000dcb4800000,0x000000dcb4900000)]
  0x000001e3a3713010 JavaThread "OkHttp TaskRunner" daemon [_thread_blocked, id=30060, stack(0x000000dcb5100000,0x000000dcb5200000)]
  0x000001e3a37158f0 JavaThread "Okio Watchdog" daemon [_thread_blocked, id=18500, stack(0x000000dcb5200000,0x000000dcb5300000)]
  0x000001e3a3fa9070 JavaThread "HttpClient-1-SelectorManager" daemon [_thread_in_native, id=32272, stack(0x000000dcb4000000,0x000000dcb4100000)]
  0x000001e3a5323370 JavaThread "C2 CompilerThread1" daemon [_thread_blocked, id=25964, stack(0x000000dcb4400000,0x000000dcb4500000)]
  0x000001e3a53256e0 JavaThread "C1 CompilerThread1" daemon [_thread_blocked, id=31404, stack(0x000000dcb5500000,0x000000dcb5600000)]

Other Threads:
  0x000001e39e69d6b0 VMThread "VM Thread" [stack: 0x000000dcb3600000,0x000000dcb3700000] [id=31924]
  0x000001e39e7bab10 WatcherThread [stack: 0x000000dcb4200000,0x000000dcb4300000] [id=15136]
  0x000001e3fbab6710 GCTaskThread "GC Thread#0" [stack: 0x000000dcb3100000,0x000000dcb3200000] [id=25792]
  0x000001e3a33dced0 GCTaskThread "GC Thread#1" [stack: 0x000000dcb4500000,0x000000dcb4600000] [id=30700]
  0x000001e3a341d030 GCTaskThread "GC Thread#2" [stack: 0x000000dcb4900000,0x000000dcb4a00000] [id=32660]
  0x000001e3a341d2e0 GCTaskThread "GC Thread#3" [stack: 0x000000dcb4a00000,0x000000dcb4b00000] [id=32800]
  0x000001e3a341d590 GCTaskThread "GC Thread#4" [stack: 0x000000dcb4b00000,0x000000dcb4c00000] [id=21704]
  0x000001e3a341d840 GCTaskThread "GC Thread#5" [stack: 0x000000dcb4c00000,0x000000dcb4d00000] [id=9560]
  0x000001e3a346b7d0 GCTaskThread "GC Thread#6" [stack: 0x000000dcb4d00000,0x000000dcb4e00000] [id=33340]
  0x000001e3a346da90 GCTaskThread "GC Thread#7" [stack: 0x000000dcb4e00000,0x000000dcb4f00000] [id=32408]
  0x000001e3a346dd40 GCTaskThread "GC Thread#8" [stack: 0x000000dcb4f00000,0x000000dcb5000000] [id=32908]
  0x000001e3a346dff0 GCTaskThread "GC Thread#9" [stack: 0x000000dcb5000000,0x000000dcb5100000] [id=31732]
  0x000001e3a3b8b300 GCTaskThread "GC Thread#10" [stack: 0x000000dcb5300000,0x000000dcb5400000] [id=4400]
  0x000001e3a3b8a590 GCTaskThread "GC Thread#11" [stack: 0x000000dcb5400000,0x000000dcb5500000] [id=8208]
  0x000001e3a3b8a840 GCTaskThread "GC Thread#12" [stack: 0x000000dcb5600000,0x000000dcb5700000] [id=32852]
  0x000001e3fbac7060 ConcurrentGCThread "G1 Main Marker" [stack: 0x000000dcb3200000,0x000000dcb3300000] [id=9848]
  0x000001e3fbac7a70 ConcurrentGCThread "G1 Conc#0" [stack: 0x000000dcb3300000,0x000000dcb3400000] [id=22568]
  0x000001e3a3b8a030 ConcurrentGCThread "G1 Conc#1" [stack: 0x000000dcb5700000,0x000000dcb5800000] [id=32820]
  0x000001e3a3b8aaf0 ConcurrentGCThread "G1 Conc#2" [stack: 0x000000dcb5800000,0x000000dcb5900000] [id=33200]
  0x000001e3fbafe650 ConcurrentGCThread "G1 Refine#0" [stack: 0x000000dcb3400000,0x000000dcb3500000] [id=11500]
  0x000001e39e55b3e0 ConcurrentGCThread "G1 Service" [stack: 0x000000dcb3500000,0x000000dcb3600000] [id=25276]

Threads with active compile tasks:

VM state: not at safepoint (normal execution)

VM Mutex/Monitor currently owned by a thread:  ([mutex/lock_event])
[0x000001e3fb7b0eb0] Metaspace_lock - owner thread: 0x000001e3fba4b400

Heap address: 0x0000000705e00000, size: 4002 MB, Compressed Oops mode: Zero based, Oop shift amount: 3

CDS archive(s) mapped at: [0x0000000800000000-0x0000000800a60000-0x0000000800a60000), size 10878976, SharedBaseAddress: 0x0000000800000000, ArchiveRelocationMode: 0.
Compressed class space mapped at: 0x0000000801000000-0x0000000841000000, reserved size: 1073741824
Narrow klass base: 0x0000000800000000, Narrow klass shift: 0, Narrow klass range: 0x100000000

GC Precious Log:
 CPUs: 16 total, 16 available
 Memory: 16004M
 Large Page Support: Disabled
 NUMA Support: Disabled
 Compressed Oops: Enabled (Zero based)
 Heap Region Size: 2M
 Heap Min Capacity: 8M
 Heap Initial Capacity: 252M
 Heap Max Capacity: 4002M
 Pre-touch: Disabled
 Parallel Workers: 13
 Concurrent Workers: 3
 Concurrent Refinement Workers: 13
 Periodic GC: Disabled

Heap:
 garbage-first heap   total 122880K, used 59394K [0x0000000705e00000, 0x0000000800000000)
  region size 2048K, 9 young (18432K), 1 survivors (2048K)
 Metaspace       used 57270K, committed 57856K, reserved 1114112K
  class space    used 7776K, committed 8064K, reserved 1048576K

Heap Regions: E=young(eden), S=young(survivor), O=old, HS=humongous(starts), HC=humongous(continues), CS=collection set, F=free, OA=open archive, CA=closed archive, TAMS=top-at-mark-start (previous, next)
|   0|0x0000000705e00000, 0x0000000706000000, 0x0000000706000000|100%|HS|  |TAMS 0x0000000706000000, 0x0000000706000000| Complete 
|   1|0x0000000706000000, 0x0000000706200000, 0x0000000706200000|100%|HC|  |TAMS 0x0000000706200000, 0x0000000706200000| Complete 
|   2|0x0000000706200000, 0x0000000706400000, 0x0000000706400000|100%| O|  |TAMS 0x0000000706400000, 0x0000000706400000| Untracked 
|   3|0x0000000706400000, 0x0000000706600000, 0x0000000706600000|100%| O|  |TAMS 0x0000000706600000, 0x0000000706600000| Untracked 
|   4|0x0000000706600000, 0x0000000706800000, 0x0000000706800000|100%| O|  |TAMS 0x0000000706800000, 0x0000000706800000| Untracked 
|   5|0x0000000706800000, 0x0000000706a00000, 0x0000000706a00000|100%| O|  |TAMS 0x0000000706a00000, 0x0000000706a00000| Untracked 
|   6|0x0000000706a00000, 0x0000000706c00000, 0x0000000706c00000|100%| O|  |TAMS 0x0000000706c00000, 0x0000000706c00000| Untracked 
|   7|0x0000000706c00000, 0x0000000706e00000, 0x0000000706e00000|100%| O|  |TAMS 0x0000000706e00000, 0x0000000706e00000| Untracked 
|   8|0x0000000706e00000, 0x0000000707000000, 0x0000000707000000|100%| O|  |TAMS 0x0000000707000000, 0x0000000707000000| Untracked 
|   9|0x0000000707000000, 0x0000000707200000, 0x0000000707200000|100%|HS|  |TAMS 0x0000000707200000, 0x0000000707200000| Complete 
|  10|0x0000000707200000, 0x0000000707400000, 0x0000000707400000|100%|HC|  |TAMS 0x0000000707400000, 0x0000000707400000| Complete 
|  11|0x0000000707400000, 0x0000000707600000, 0x0000000707600000|100%| O|  |TAMS 0x0000000707600000, 0x0000000707600000| Untracked 
|  12|0x0000000707600000, 0x0000000707800000, 0x0000000707800000|100%| O|  |TAMS 0x0000000707800000, 0x0000000707800000| Untracked 
|  13|0x0000000707800000, 0x0000000707a00000, 0x0000000707a00000|100%| O|  |TAMS 0x0000000707a00000, 0x0000000707a00000| Untracked 
|  14|0x0000000707a00000, 0x0000000707c00000, 0x0000000707c00000|100%| O|  |TAMS 0x0000000707b23800, 0x0000000707b23800| Untracked 
|  15|0x0000000707c00000, 0x0000000707e00000, 0x0000000707e00000|100%| O|  |TAMS 0x0000000707c00000, 0x0000000707c00000| Untracked 
|  16|0x0000000707e00000, 0x0000000708000000, 0x0000000708000000|100%| O|  |TAMS 0x0000000707e00000, 0x0000000707e00000| Untracked 
|  17|0x0000000708000000, 0x0000000708200000, 0x0000000708200000|100%| O|  |TAMS 0x0000000708000000, 0x0000000708000000| Untracked 
|  18|0x0000000708200000, 0x0000000708400000, 0x0000000708400000|100%| O|  |TAMS 0x0000000708200000, 0x0000000708200000| Untracked 
|  19|0x0000000708400000, 0x0000000708600000, 0x0000000708600000|100%| O|  |TAMS 0x0000000708400000, 0x0000000708400000| Untracked 
|  20|0x0000000708600000, 0x0000000708800000, 0x0000000708800000|100%| O|  |TAMS 0x0000000708600000, 0x0000000708600000| Untracked 
|  21|0x0000000708800000, 0x0000000708919400, 0x0000000708a00000| 54%| O|  |TAMS 0x0000000708800000, 0x0000000708800000| Untracked 
|  22|0x0000000708a00000, 0x0000000708a00000, 0x0000000708c00000|  0%| F|  |TAMS 0x0000000708a00000, 0x0000000708a00000| Untracked 
|  23|0x0000000708c00000, 0x0000000708c00000, 0x0000000708e00000|  0%| F|  |TAMS 0x0000000708c00000, 0x0000000708c00000| Untracked 
|  24|0x0000000708e00000, 0x0000000708e00000, 0x0000000709000000|  0%| F|  |TAMS 0x0000000708e00000, 0x0000000708e00000| Untracked 
|  25|0x0000000709000000, 0x0000000709000000, 0x0000000709200000|  0%| F|  |TAMS 0x0000000709000000, 0x0000000709000000| Untracked 
|  26|0x0000000709200000, 0x0000000709200000, 0x0000000709400000|  0%| F|  |TAMS 0x0000000709200000, 0x0000000709200000| Untracked 
|  27|0x0000000709400000, 0x0000000709400000, 0x0000000709600000|  0%| F|  |TAMS 0x0000000709400000, 0x0000000709400000| Untracked 
|  28|0x0000000709600000, 0x0000000709600000, 0x0000000709800000|  0%| F|  |TAMS 0x0000000709600000, 0x0000000709600000| Untracked 
|  29|0x0000000709800000, 0x0000000709800000, 0x0000000709a00000|  0%| F|  |TAMS 0x0000000709800000, 0x0000000709800000| Untracked 
|  30|0x0000000709a00000, 0x0000000709a00000, 0x0000000709c00000|  0%| F|  |TAMS 0x0000000709a00000, 0x0000000709a00000| Untracked 
|  31|0x0000000709c00000, 0x0000000709ce74f8, 0x0000000709e00000| 45%| S|CS|TAMS 0x0000000709c00000, 0x0000000709c00000| Complete 
|  32|0x0000000709e00000, 0x0000000709e00000, 0x000000070a000000|  0%| F|  |TAMS 0x0000000709e00000, 0x0000000709e00000| Untracked 
|  33|0x000000070a000000, 0x000000070a000000, 0x000000070a200000|  0%| F|  |TAMS 0x000000070a000000, 0x000000070a000000| Untracked 
|  34|0x000000070a200000, 0x000000070a200000, 0x000000070a400000|  0%| F|  |TAMS 0x000000070a200000, 0x000000070a200000| Untracked 
|  35|0x000000070a400000, 0x000000070a400000, 0x000000070a600000|  0%| F|  |TAMS 0x000000070a400000, 0x000000070a400000| Untracked 
|  36|0x000000070a600000, 0x000000070a600000, 0x000000070a800000|  0%| F|  |TAMS 0x000000070a600000, 0x000000070a600000| Untracked 
|  37|0x000000070a800000, 0x000000070a800000, 0x000000070aa00000|  0%| F|  |TAMS 0x000000070a800000, 0x000000070a800000| Untracked 
|  38|0x000000070aa00000, 0x000000070aa00000, 0x000000070ac00000|  0%| F|  |TAMS 0x000000070aa00000, 0x000000070aa00000| Untracked 
|  39|0x000000070ac00000, 0x000000070ac00000, 0x000000070ae00000|  0%| F|  |TAMS 0x000000070ac00000, 0x000000070ac00000| Untracked 
|  40|0x000000070ae00000, 0x000000070ae00000, 0x000000070b000000|  0%| F|  |TAMS 0x000000070ae00000, 0x000000070ae00000| Untracked 
|  41|0x000000070b000000, 0x000000070b000000, 0x000000070b200000|  0%| F|  |TAMS 0x000000070b000000, 0x000000070b000000| Untracked 
|  42|0x000000070b200000, 0x000000070b200000, 0x000000070b400000|  0%| F|  |TAMS 0x000000070b200000, 0x000000070b200000| Untracked 
|  43|0x000000070b400000, 0x000000070b400000, 0x000000070b600000|  0%| F|  |TAMS 0x000000070b400000, 0x000000070b400000| Untracked 
|  44|0x000000070b600000, 0x000000070b600000, 0x000000070b800000|  0%| F|  |TAMS 0x000000070b600000, 0x000000070b600000| Untracked 
|  45|0x000000070b800000, 0x000000070b800000, 0x000000070ba00000|  0%| F|  |TAMS 0x000000070b800000, 0x000000070b800000| Untracked 
|  46|0x000000070ba00000, 0x000000070ba00000, 0x000000070bc00000|  0%| F|  |TAMS 0x000000070ba00000, 0x000000070ba00000| Untracked 
|  47|0x000000070bc00000, 0x000000070bc00000, 0x000000070be00000|  0%| F|  |TAMS 0x000000070bc00000, 0x000000070bc00000| Untracked 
|  48|0x000000070be00000, 0x000000070be00000, 0x000000070c000000|  0%| F|  |TAMS 0x000000070be00000, 0x000000070be00000| Untracked 
|  49|0x000000070c000000, 0x000000070c000000, 0x000000070c200000|  0%| F|  |TAMS 0x000000070c000000, 0x000000070c000000| Untracked 
|  50|0x000000070c200000, 0x000000070c200000, 0x000000070c400000|  0%| F|  |TAMS 0x000000070c200000, 0x000000070c200000| Untracked 
|  51|0x000000070c400000, 0x000000070c400000, 0x000000070c600000|  0%| F|  |TAMS 0x000000070c400000, 0x000000070c400000| Untracked 
|  92|0x0000000711600000, 0x0000000711700800, 0x0000000711800000| 50%| E|  |TAMS 0x0000000711600000, 0x0000000711600000| Complete 
|  93|0x0000000711800000, 0x0000000711a00000, 0x0000000711a00000|100%| E|CS|TAMS 0x0000000711800000, 0x0000000711800000| Complete 
|  94|0x0000000711a00000, 0x0000000711c00000, 0x0000000711c00000|100%| E|CS|TAMS 0x0000000711a00000, 0x0000000711a00000| Complete 
|  95|0x0000000711c00000, 0x0000000711e00000, 0x0000000711e00000|100%| E|CS|TAMS 0x0000000711c00000, 0x0000000711c00000| Complete 
|  96|0x0000000711e00000, 0x0000000712000000, 0x0000000712000000|100%| E|CS|TAMS 0x0000000711e00000, 0x0000000711e00000| Complete 
|  97|0x0000000712000000, 0x0000000712200000, 0x0000000712200000|100%| E|CS|TAMS 0x0000000712000000, 0x0000000712000000| Complete 
| 124|0x0000000715600000, 0x0000000715800000, 0x0000000715800000|100%| E|CS|TAMS 0x0000000715600000, 0x0000000715600000| Complete 
| 125|0x0000000715800000, 0x0000000715a00000, 0x0000000715a00000|100%| E|CS|TAMS 0x0000000715800000, 0x0000000715800000| Complete 

Card table byte_map: [0x000001e3fea80000,0x000001e3ff260000] _byte_map_base: 0x000001e3fb251000

Marking Bits (Prev, Next): (CMBitMap*) 0x000001e3fbab6d20, (CMBitMap*) 0x000001e3fbab6d60
 Prev Bits: [0x000001e393f00000, 0x000001e397d88000)
 Next Bits: [0x000001e397d90000, 0x000001e39bc18000)

Polling page: 0x000001e3fbb00000

Metaspace:

Usage:
  Non-class:     48.33 MB used.
      Class:      7.59 MB used.
       Both:     55.93 MB used.

Virtual space:
  Non-class space:       64.00 MB reserved,      48.62 MB ( 76%) committed,  1 nodes.
      Class space:        1.00 GB reserved,       7.88 MB ( <1%) committed,  1 nodes.
             Both:        1.06 GB reserved,      56.50 MB (  5%) committed. 

Chunk freelists:
   Non-Class:  14.92 MB
       Class:  8.08 MB
        Both:  23.00 MB

MaxMetaspaceSize: unlimited
CompressedClassSpaceSize: 1.00 GB
Initial GC threshold: 21.00 MB
Current GC threshold: 58.75 MB
CDS: on
MetaspaceReclaimPolicy: balanced
 - commit_granule_bytes: 65536.
 - commit_granule_words: 8192.
 - virtual_space_node_default_size: 8388608.
 - enlarge_chunks_in_place: 1.
 - new_chunks_are_fully_committed: 0.
 - uncommit_free_chunks: 1.
 - use_allocation_guard: 0.
 - handle_deallocations: 1.


Internal statistics:

num_allocs_failed_limit: 6.
num_arena_births: 432.
num_arena_deaths: 0.
num_vsnodes_births: 2.
num_vsnodes_deaths: 0.
num_space_committed: 904.
num_space_uncommitted: 0.
num_chunks_returned_to_freelist: 6.
num_chunks_taken_from_freelist: 2428.
num_chunk_merges: 6.
num_chunk_splits: 1826.
num_chunks_enlarged: 1492.
num_inconsistent_stats: 0.

CodeHeap 'non-profiled nmethods': size=119168Kb used=4512Kb max_used=4512Kb free=114655Kb
 bounds [0x000001e38caa0000, 0x000001e38cf10000, 0x000001e393f00000]
CodeHeap 'profiled nmethods': size=119104Kb used=11636Kb max_used=11703Kb free=107467Kb
 bounds [0x000001e384f00000, 0x000001e385a90000, 0x000001e38c350000]
CodeHeap 'non-nmethods': size=7488Kb used=1840Kb max_used=3020Kb free=5647Kb
 bounds [0x000001e38c350000, 0x000001e38c6e0000, 0x000001e38caa0000]
 total_blobs=6129 nmethods=5536 adapters=504
 compilation: enabled
              stopped_count=0, restarted_count=0
 full_count=0

Compilation events (20 events):
Event: 29.580 Thread 0x000001e39e7d8660 6403       4       org.sonar.api.batch.fs.internal.predicates.TypePredicate::apply (19 bytes)
Event: 29.580 Thread 0x000001e39e7d9100 6398       3       java.util.stream.SpinedBuffer::clear (88 bytes)
Event: 29.580 Thread 0x000001e39e7d9100 nmethod 6398 0x000001e38530ea90 code [0x000001e38530ec80, 0x000001e38530f3b8]
Event: 29.580 Thread 0x000001e39e7d9100 6394       3       java.util.Spliterators$1Adapter::hasNext (23 bytes)
Event: 29.581 Thread 0x000001e39e7d9100 nmethod 6394 0x000001e384f52e90 code [0x000001e384f53040, 0x000001e384f53268]
Event: 29.581 Thread 0x000001e3a53256e0 6395       3       java.util.stream.SpinedBuffer::accept (94 bytes)
Event: 29.581 Thread 0x000001e39e7d9100 6396       3       java.util.stream.StreamSpliterators$WrappingSpliterator::tryAdvance (36 bytes)
Event: 29.581 Thread 0x000001e39e7d8660 nmethod 6403 0x000001e38cf08010 code [0x000001e38cf081a0, 0x000001e38cf08278]
Event: 29.581 Thread 0x000001e39e7d9100 nmethod 6396 0x000001e38530e190 code [0x000001e38530e380, 0x000001e38530e8f8]
Event: 29.581 Thread 0x000001e3a53256e0 nmethod 6395 0x000001e3853dd890 code [0x000001e3853dda80, 0x000001e3853de408]
Event: 29.581 Thread 0x000001e39e7d9100 6397       3       java.util.stream.StreamSpliterators$AbstractWrappingSpliterator::doAdvance (106 bytes)
Event: 29.581 Thread 0x000001e3a53256e0 6399       3       java.util.stream.StreamSpliterators$WrappingSpliterator$$Lambda$685/0x00000008013e2ca8::accept (9 bytes)
Event: 29.581 Thread 0x000001e3a53256e0 nmethod 6399 0x000001e38530dd10 code [0x000001e38530dec0, 0x000001e38530e0a8]
Event: 29.581 Thread 0x000001e3a53256e0 6400       3       java.util.stream.SpinedBuffer::get (123 bytes)
Event: 29.582 Thread 0x000001e39e7d9100 nmethod 6397 0x000001e3853dc890 code [0x000001e3853dcae0, 0x000001e3853dd5c8]
Event: 29.582 Thread 0x000001e3a53256e0 nmethod 6400 0x000001e3853dba10 code [0x000001e3853dbc60, 0x000001e3853dc498]
Event: 29.582 Thread 0x000001e39e7d9100 6401       3       java.util.Spliterators$1Adapter::accept (11 bytes)
Event: 29.582 Thread 0x000001e3a53256e0 6402       3       java.util.Spliterators$1Adapter::next (39 bytes)
Event: 29.582 Thread 0x000001e39e7d9100 nmethod 6401 0x000001e38530d990 code [0x000001e38530db20, 0x000001e38530dc78]
Event: 29.582 Thread 0x000001e3a53256e0 nmethod 6402 0x000001e3853db290 code [0x000001e3853db460, 0x000001e3853db878]

GC Heap History (20 events):
Event: 18.830 GC heap before
{Heap before GC invocations=10 (full 0):
 garbage-first heap   total 102400K, used 79570K [0x0000000705e00000, 0x0000000800000000)
  region size 2048K, 25 young (51200K), 1 survivors (2048K)
 Metaspace       used 31468K, committed 31936K, reserved 1114112K
  class space    used 3488K, committed 3712K, reserved 1048576K
}
Event: 18.831 GC heap after
{Heap after GC invocations=11 (full 0):
 garbage-first heap   total 102400K, used 30733K [0x0000000705e00000, 0x0000000800000000)
  region size 2048K, 1 young (2048K), 1 survivors (2048K)
 Metaspace       used 31468K, committed 31936K, reserved 1114112K
  class space    used 3488K, committed 3712K, reserved 1048576K
}
Event: 19.645 GC heap before
{Heap before GC invocations=11 (full 0):
 garbage-first heap   total 102400K, used 81933K [0x0000000705e00000, 0x0000000800000000)
  region size 2048K, 26 young (53248K), 1 survivors (2048K)
 Metaspace       used 33277K, committed 33728K, reserved 1114112K
  class space    used 3684K, committed 3904K, reserved 1048576K
}
Event: 19.648 GC heap after
{Heap after GC invocations=12 (full 0):
 garbage-first heap   total 102400K, used 32038K [0x0000000705e00000, 0x0000000800000000)
  region size 2048K, 2 young (4096K), 2 survivors (4096K)
 Metaspace       used 33277K, committed 33728K, reserved 1114112K
  class space    used 3684K, committed 3904K, reserved 1048576K
}
Event: 19.777 GC heap before
{Heap before GC invocations=12 (full 0):
 garbage-first heap   total 102400K, used 44326K [0x0000000705e00000, 0x0000000800000000)
  region size 2048K, 9 young (18432K), 2 survivors (4096K)
 Metaspace       used 35473K, committed 35968K, reserved 1114112K
  class space    used 3952K, committed 4224K, reserved 1048576K
}
Event: 19.780 GC heap after
{Heap after GC invocations=13 (full 0):
 garbage-first heap   total 102400K, used 32765K [0x0000000705e00000, 0x0000000800000000)
  region size 2048K, 2 young (4096K), 2 survivors (4096K)
 Metaspace       used 35473K, committed 35968K, reserved 1114112K
  class space    used 3952K, committed 4224K, reserved 1048576K
}
Event: 19.888 GC heap before
{Heap before GC invocations=14 (full 0):
 garbage-first heap   total 102400K, used 51197K [0x0000000705e00000, 0x0000000800000000)
  region size 2048K, 6 young (12288K), 2 survivors (4096K)
 Metaspace       used 36243K, committed 36800K, reserved 1114112K
  class space    used 4042K, committed 4288K, reserved 1048576K
}
Event: 19.892 GC heap after
{Heap after GC invocations=15 (full 0):
 garbage-first heap   total 102400K, used 41094K [0x0000000705e00000, 0x0000000800000000)
  region size 2048K, 3 young (6144K), 3 survivors (6144K)
 Metaspace       used 36243K, committed 36800K, reserved 1114112K
  class space    used 4042K, committed 4288K, reserved 1048576K
}
Event: 20.324 GC heap before
{Heap before GC invocations=15 (full 0):
 garbage-first heap   total 102400K, used 86150K [0x0000000705e00000, 0x0000000800000000)
  region size 2048K, 23 young (47104K), 3 survivors (6144K)
 Metaspace       used 43372K, committed 43904K, reserved 1114112K
  class space    used 5457K, committed 5696K, reserved 1048576K
}
Event: 20.330 GC heap after
{Heap after GC invocations=16 (full 0):
 garbage-first heap   total 122880K, used 36732K [0x0000000705e00000, 0x0000000800000000)
  region size 2048K, 3 young (6144K), 3 survivors (6144K)
 Metaspace       used 43372K, committed 43904K, reserved 1114112K
  class space    used 5457K, committed 5696K, reserved 1048576K
}
Event: 21.286 GC heap before
{Heap before GC invocations=16 (full 0):
 garbage-first heap   total 122880K, used 100220K [0x0000000705e00000, 0x0000000800000000)
  region size 2048K, 34 young (69632K), 3 survivors (6144K)
 Metaspace       used 52546K, committed 53184K, reserved 1114112K
  class space    used 6856K, committed 7168K, reserved 1048576K
}
Event: 21.294 GC heap after
{Heap after GC invocations=17 (full 0):
 garbage-first heap   total 122880K, used 40430K [0x0000000705e00000, 0x0000000800000000)
  region size 2048K, 5 young (10240K), 5 survivors (10240K)
 Metaspace       used 52546K, committed 53184K, reserved 1114112K
  class space    used 6856K, committed 7168K, reserved 1048576K
}
Event: 21.898 GC heap before
{Heap before GC invocations=17 (full 0):
 garbage-first heap   total 122880K, used 95726K [0x0000000705e00000, 0x0000000800000000)
  region size 2048K, 32 young (65536K), 5 survivors (10240K)
 Metaspace       used 55695K, committed 56256K, reserved 1114112K
  class space    used 7541K, committed 7808K, reserved 1048576K
}
Event: 21.912 GC heap after
{Heap after GC invocations=18 (full 0):
 garbage-first heap   total 122880K, used 44384K [0x0000000705e00000, 0x0000000800000000)
  region size 2048K, 4 young (8192K), 4 survivors (8192K)
 Metaspace       used 55695K, committed 56256K, reserved 1114112K
  class space    used 7541K, committed 7808K, reserved 1048576K
}
Event: 23.256 GC heap before
{Heap before GC invocations=18 (full 0):
 garbage-first heap   total 122880K, used 97632K [0x0000000705e00000, 0x0000000800000000)
  region size 2048K, 30 young (61440K), 4 survivors (8192K)
 Metaspace       used 57172K, committed 57856K, reserved 1114112K
  class space    used 7766K, committed 8064K, reserved 1048576K
}
Event: 23.263 GC heap after
{Heap after GC invocations=19 (full 0):
 garbage-first heap   total 122880K, used 45075K [0x0000000705e00000, 0x0000000800000000)
  region size 2048K, 3 young (6144K), 3 survivors (6144K)
 Metaspace       used 57172K, committed 57856K, reserved 1114112K
  class space    used 7766K, committed 8064K, reserved 1048576K
}
Event: 25.870 GC heap before
{Heap before GC invocations=19 (full 0):
 garbage-first heap   total 122880K, used 98323K [0x0000000705e00000, 0x0000000800000000)
  region size 2048K, 29 young (59392K), 3 survivors (6144K)
 Metaspace       used 57173K, committed 57856K, reserved 1114112K
  class space    used 7766K, committed 8064K, reserved 1048576K
}
Event: 25.875 GC heap after
{Heap after GC invocations=20 (full 0):
 garbage-first heap   total 122880K, used 45640K [0x0000000705e00000, 0x0000000800000000)
  region size 2048K, 1 young (2048K), 1 survivors (2048K)
 Metaspace       used 57173K, committed 57856K, reserved 1114112K
  class space    used 7766K, committed 8064K, reserved 1048576K
}
Event: 28.820 GC heap before
{Heap before GC invocations=20 (full 0):
 garbage-first heap   total 122880K, used 100936K [0x0000000705e00000, 0x0000000800000000)
  region size 2048K, 28 young (57344K), 1 survivors (2048K)
 Metaspace       used 57173K, committed 57856K, reserved 1114112K
  class space    used 7766K, committed 8064K, reserved 1048576K
}
Event: 28.822 GC heap after
{Heap after GC invocations=21 (full 0):
 garbage-first heap   total 122880K, used 45058K [0x0000000705e00000, 0x0000000800000000)
  region size 2048K, 1 young (2048K), 1 survivors (2048K)
 Metaspace       used 57173K, committed 57856K, reserved 1114112K
  class space    used 7766K, committed 8064K, reserved 1048576K
}

Dll operation events (8 events):
Event: 0.006 Loaded shared library C:\Users\jrmic\.sonar\native-sonar-scanner\sonar-scanner-5.0.1.3006-windows\jre\bin\java.dll
Event: 0.013 Loaded shared library C:\Users\jrmic\.sonar\native-sonar-scanner\sonar-scanner-5.0.1.3006-windows\jre\bin\jsvml.dll
Event: 0.095 Loaded shared library C:\Users\jrmic\.sonar\native-sonar-scanner\sonar-scanner-5.0.1.3006-windows\jre\bin\net.dll
Event: 0.097 Loaded shared library C:\Users\jrmic\.sonar\native-sonar-scanner\sonar-scanner-5.0.1.3006-windows\jre\bin\nio.dll
Event: 0.099 Loaded shared library C:\Users\jrmic\.sonar\native-sonar-scanner\sonar-scanner-5.0.1.3006-windows\jre\bin\zip.dll
Event: 0.123 Loaded shared library C:\Users\jrmic\.sonar\native-sonar-scanner\sonar-scanner-5.0.1.3006-windows\jre\bin\jimage.dll
Event: 0.303 Loaded shared library C:\Users\jrmic\.sonar\native-sonar-scanner\sonar-scanner-5.0.1.3006-windows\jre\bin\sunmscapi.dll
Event: 0.815 Loaded shared library C:\Users\jrmic\.sonar\native-sonar-scanner\sonar-scanner-5.0.1.3006-windows\jre\bin\verify.dll

Deoptimization events (20 events):
Event: 29.564 Thread 0x000001e3fba4b400 Uncommon trap: trap_request=0xffffffde fr.pc=0x000001e38ccd99d0 relative=0x0000000000000570
Event: 29.564 Thread 0x000001e3fba4b400 Uncommon trap: reason=class_check action=maybe_recompile pc=0x000001e38ccd99d0 method=java.util.regex.Pattern$BranchConn.match(Ljava/util/regex/Matcher;ILjava/lang/CharSequence;)Z @ 7 c2
Event: 29.564 Thread 0x000001e3fba4b400 DEOPT PACKING pc=0x000001e38ccd99d0 sp=0x000000dcb30fce80
Event: 29.564 Thread 0x000001e3fba4b400 DEOPT UNPACKING pc=0x000001e38c3a69a3 sp=0x000000dcb30fce68 mode 2
Event: 29.564 Thread 0x000001e3fba4b400 Uncommon trap: trap_request=0xffffffde fr.pc=0x000001e38cb84c98 relative=0x00000000000001d8
Event: 29.564 Thread 0x000001e3fba4b400 Uncommon trap: reason=class_check action=maybe_recompile pc=0x000001e38cb84c98 method=java.util.regex.Pattern$BmpCharProperty.match(Ljava/util/regex/Matcher;ILjava/lang/CharSequence;)Z @ 14 c2
Event: 29.564 Thread 0x000001e3fba4b400 DEOPT PACKING pc=0x000001e38cb84c98 sp=0x000000dcb30fd060
Event: 29.564 Thread 0x000001e3fba4b400 DEOPT UNPACKING pc=0x000001e38c3a69a3 sp=0x000000dcb30fd000 mode 2
Event: 29.564 Thread 0x000001e3fba4b400 Uncommon trap: trap_request=0xffffffc6 fr.pc=0x000001e38ccd9abc relative=0x000000000000065c
Event: 29.564 Thread 0x000001e3fba4b400 Uncommon trap: reason=bimorphic_or_optimized_type_check action=maybe_recompile pc=0x000001e38ccd9abc method=java.util.regex.Pattern$GroupTail.match(Ljava/util/regex/Matcher;ILjava/lang/CharSequence;)Z @ 70 c2
Event: 29.564 Thread 0x000001e3fba4b400 DEOPT PACKING pc=0x000001e38ccd9abc sp=0x000000dcb30fcf90
Event: 29.564 Thread 0x000001e3fba4b400 DEOPT UNPACKING pc=0x000001e38c3a69a3 sp=0x000000dcb30fcee8 mode 2
Event: 29.564 Thread 0x000001e3fba4b400 Uncommon trap: trap_request=0xffffff45 fr.pc=0x000001e38ccc5c30 relative=0x0000000000000870
Event: 29.564 Thread 0x000001e3fba4b400 Uncommon trap: reason=unstable_if action=reinterpret pc=0x000001e38ccc5c30 method=java.util.regex.Pattern$CharPropertyGreedy.match(Ljava/util/regex/Matcher;ILjava/lang/CharSequence;)Z @ 69 c2
Event: 29.564 Thread 0x000001e3fba4b400 DEOPT PACKING pc=0x000001e38ccc5c30 sp=0x000000dcb30fd180
Event: 29.564 Thread 0x000001e3fba4b400 DEOPT UNPACKING pc=0x000001e38c3a69a3 sp=0x000000dcb30fd148 mode 2
Event: 29.575 Thread 0x000001e3fba4b400 Uncommon trap: trap_request=0xffffff45 fr.pc=0x000001e38cc5f004 relative=0x0000000000000364
Event: 29.575 Thread 0x000001e3fba4b400 Uncommon trap: reason=unstable_if action=reinterpret pc=0x000001e38cc5f004 method=java.util.HashMap$HashIterator.<init>(Ljava/util/HashMap;)V @ 45 c2
Event: 29.575 Thread 0x000001e3fba4b400 DEOPT PACKING pc=0x000001e38cc5f004 sp=0x000000dcb30fdd80
Event: 29.575 Thread 0x000001e3fba4b400 DEOPT UNPACKING pc=0x000001e38c3a69a3 sp=0x000000dcb30fdd48 mode 2

Classes unloaded (0 events):
No events

Classes redefined (0 events):
No events

Internal exceptions (20 events):
Event: 29.539 Thread 0x000001e3fba4b400 Exception <a 'sun/nio/fs/WindowsException'{0x0000000711823a08}> (0x0000000711823a08) 
thrown [s\src\hotspot\share\prims\jni.cpp, line 516]
Event: 29.540 Thread 0x000001e3fba4b400 Exception <a 'sun/nio/fs/WindowsException'{0x0000000711827340}> (0x0000000711827340) 
thrown [s\src\hotspot\share\prims\jni.cpp, line 516]
Event: 29.540 Thread 0x000001e3fba4b400 Exception <a 'sun/nio/fs/WindowsException'{0x000000071182ae38}> (0x000000071182ae38) 
thrown [s\src\hotspot\share\prims\jni.cpp, line 516]
Event: 29.541 Thread 0x000001e3fba4b400 Exception <a 'sun/nio/fs/WindowsException'{0x000000071182e7c8}> (0x000000071182e7c8) 
thrown [s\src\hotspot\share\prims\jni.cpp, line 516]
Event: 29.542 Thread 0x000001e3fba4b400 Exception <a 'sun/nio/fs/WindowsException'{0x0000000711832108}> (0x0000000711832108) 
thrown [s\src\hotspot\share\prims\jni.cpp, line 516]
Event: 29.543 Thread 0x000001e3fba4b400 Exception <a 'sun/nio/fs/WindowsException'{0x0000000711835a50}> (0x0000000711835a50) 
thrown [s\src\hotspot\share\prims\jni.cpp, line 516]
Event: 29.543 Thread 0x000001e3fba4b400 Exception <a 'sun/nio/fs/WindowsException'{0x00000007118393d0}> (0x00000007118393d0) 
thrown [s\src\hotspot\share\prims\jni.cpp, line 516]
Event: 29.544 Thread 0x000001e3fba4b400 Exception <a 'sun/nio/fs/WindowsException'{0x000000071183ce28}> (0x000000071183ce28) 
thrown [s\src\hotspot\share\prims\jni.cpp, line 516]
Event: 29.545 Thread 0x000001e3fba4b400 Exception <a 'sun/nio/fs/WindowsException'{0x00000007118408a0}> (0x00000007118408a0) 
thrown [s\src\hotspot\share\prims\jni.cpp, line 516]
Event: 29.546 Thread 0x000001e3fba4b400 Exception <a 'sun/nio/fs/WindowsException'{0x0000000711844308}> (0x0000000711844308) 
thrown [s\src\hotspot\share\prims\jni.cpp, line 516]
Event: 29.546 Thread 0x000001e3fba4b400 Exception <a 'sun/nio/fs/WindowsException'{0x0000000711847d68}> (0x0000000711847d68) 
thrown [s\src\hotspot\share\prims\jni.cpp, line 516]
Event: 29.547 Thread 0x000001e3fba4b400 Exception <a 'sun/nio/fs/WindowsException'{0x000000071184b8a0}> (0x000000071184b8a0) 
thrown [s\src\hotspot\share\prims\jni.cpp, line 516]
Event: 29.548 Thread 0x000001e3fba4b400 Exception <a 'sun/nio/fs/WindowsException'{0x000000071184f418}> (0x000000071184f418) 
thrown [s\src\hotspot\share\prims\jni.cpp, line 516]
Event: 29.548 Thread 0x000001e3fba4b400 Exception <a 'sun/nio/fs/WindowsException'{0x0000000711852ef8}> (0x0000000711852ef8) 
thrown [s\src\hotspot\share\prims\jni.cpp, line 516]
Event: 29.549 Thread 0x000001e3fba4b400 Exception <a 'sun/nio/fs/WindowsException'{0x0000000711856e50}> (0x0000000711856e50) 
thrown [s\src\hotspot\share\prims\jni.cpp, line 516]
Event: 29.550 Thread 0x000001e3fba4b400 Exception <a 'sun/nio/fs/WindowsException'{0x000000071185a900}> (0x000000071185a900) 
thrown [s\src\hotspot\share\prims\jni.cpp, line 516]
Event: 29.551 Thread 0x000001e3fba4b400 Exception <a 'sun/nio/fs/WindowsException'{0x000000071185e2d0}> (0x000000071185e2d0) 
thrown [s\src\hotspot\share\prims\jni.cpp, line 516]
Event: 29.552 Thread 0x000001e3fba4b400 Exception <a 'sun/nio/fs/WindowsException'{0x0000000711861b50}> (0x0000000711861b50) 
thrown [s\src\hotspot\share\prims\jni.cpp, line 516]
Event: 29.552 Thread 0x000001e3fba4b400 Exception <a 'java/io/IOException'{0x0000000711864530}> (0x0000000711864530) 
thrown [s\src\hotspot\share\prims\jni.cpp, line 516]
Event: 29.560 Thread 0x000001e3fba4b400 Exception <a 'java/lang/NoSuchMethodError'{0x00000007118891f0}: 'java.lang.Object java.lang.invoke.DirectMethodHandle$Holder.invokeStatic(java.lang.Object, int, java.lang.Object)'> (0x00000007118891f0) 
thrown [s\src\hotspot\share\interpreter\linkResolver.cpp, line 759]

VM Operations (20 events):
Event: 21.898 Executing VM operation: G1CollectForAllocation
Event: 21.912 Executing VM operation: G1CollectForAllocation done
Event: 22.075 Executing VM operation: HandshakeAllThreads
Event: 22.075 Executing VM operation: HandshakeAllThreads done
Event: 23.080 Executing VM operation: Cleanup
Event: 23.080 Executing VM operation: Cleanup done
Event: 23.256 Executing VM operation: G1CollectForAllocation
Event: 23.263 Executing VM operation: G1CollectForAllocation done
Event: 24.265 Executing VM operation: Cleanup
Event: 24.265 Executing VM operation: Cleanup done
Event: 25.278 Executing VM operation: Cleanup
Event: 25.278 Executing VM operation: Cleanup done
Event: 25.870 Executing VM operation: G1CollectForAllocation
Event: 25.875 Executing VM operation: G1CollectForAllocation done
Event: 26.887 Executing VM operation: Cleanup
Event: 26.888 Executing VM operation: Cleanup done
Event: 27.910 Executing VM operation: HandshakeAllThreads
Event: 27.910 Executing VM operation: HandshakeAllThreads done
Event: 28.820 Executing VM operation: G1CollectForAllocation
Event: 28.822 Executing VM operation: G1CollectForAllocation done

Events (20 events):
Event: 22.205 loading class java/nio/file/Path$1
Event: 22.205 loading class java/nio/file/Path$1 done
Event: 22.326 Thread 0x000001e3a5322950 Thread exited: 0x000001e3a5322950
Event: 22.520 loading class jdk/internal/misc/ScopedMemoryAccess$Scope$Handle
Event: 22.520 loading class jdk/internal/misc/ScopedMemoryAccess$Scope$Handle done
Event: 22.675 Thread 0x000001e3a5321f30 Thread exited: 0x000001e3a5321f30
Event: 22.675 Thread 0x000001e3a5323880 Thread exited: 0x000001e3a5323880
Event: 22.851 Thread 0x000001e3a53256e0 Thread exited: 0x000001e3a53256e0
Event: 23.548 Thread 0x000001e3a5323d90 Thread exited: 0x000001e3a5323d90
Event: 23.549 Thread 0x000001e3a5322440 Thread exited: 0x000001e3a5322440
Event: 23.554 Thread 0x000001e3a53251d0 Thread exited: 0x000001e3a53251d0
Event: 26.972 Thread 0x000001e3a5323370 Thread added: 0x000001e3a5323370
Event: 26.972 Thread 0x000001e3a53251d0 Thread added: 0x000001e3a53251d0
Event: 27.777 Thread 0x000001e3a53251d0 Thread exited: 0x000001e3a53251d0
Event: 27.917 Thread 0x000001e39e7ea850 flushing nmethod 0x000001e385a46590
Event: 29.554 loading class java/lang/StackTraceElement$HashedModules
Event: 29.554 loading class java/lang/StackTraceElement$HashedModules done
Event: 29.561 loading class java/util/stream/SortedOps$RefSortingSink
Event: 29.562 loading class java/util/stream/SortedOps$RefSortingSink done
Event: 29.580 Thread 0x000001e3a53256e0 Thread added: 0x000001e3a53256e0


Dynamic libraries:
0x00007ff75b3a0000 - 0x00007ff75b3ae000 	C:\Users\jrmic\.sonar\native-sonar-scanner\sonar-scanner-5.0.1.3006-windows\jre\bin\java.exe
0x00007fffdf370000 - 0x00007fffdf587000 	C:\WINDOWS\SYSTEM32\ntdll.dll
0x00007fffdee80000 - 0x00007fffdef44000 	C:\WINDOWS\System32\KERNEL32.DLL
0x00007fffdc7e0000 - 0x00007fffdcb86000 	C:\WINDOWS\System32\KERNELBASE.dll
0x00007fffdcfa0000 - 0x00007fffdd0b1000 	C:\WINDOWS\System32\ucrtbase.dll
0x00007fffbe4a0000 - 0x00007fffbe4b7000 	C:\Users\jrmic\.sonar\native-sonar-scanner\sonar-scanner-5.0.1.3006-windows\jre\bin\jli.dll
0x00007fffb30d0000 - 0x00007fffb30e9000 	C:\Users\jrmic\.sonar\native-sonar-scanner\sonar-scanner-5.0.1.3006-windows\jre\bin\VCRUNTIME140.dll
0x00007fffdefe0000 - 0x00007fffdf18e000 	C:\WINDOWS\System32\USER32.dll
0x00007fffcbce0000 - 0x00007fffcbf73000 	C:\WINDOWS\WinSxS\amd64_microsoft.windows.common-controls_6595b64144ccf1df_6.0.22621.2506_none_270c5ae97388e100\COMCTL32.dll
0x00007fffde530000 - 0x00007fffde5d7000 	C:\WINDOWS\System32\msvcrt.dll
0x00007fffdcb90000 - 0x00007fffdcbb6000 	C:\WINDOWS\System32\win32u.dll
0x00007fffdf190000 - 0x00007fffdf1b9000 	C:\WINDOWS\System32\GDI32.dll
0x00007fffdcbc0000 - 0x00007fffdccd8000 	C:\WINDOWS\System32\gdi32full.dll
0x00007fffdcce0000 - 0x00007fffdcd7a000 	C:\WINDOWS\System32\msvcp_win.dll
0x00007fffde810000 - 0x00007fffde841000 	C:\WINDOWS\System32\IMM32.DLL
0x00007fffd5670000 - 0x00007fffd567c000 	C:\Users\jrmic\.sonar\native-sonar-scanner\sonar-scanner-5.0.1.3006-windows\jre\bin\vcruntime140_1.dll
0x00007fff8e230000 - 0x00007fff8e2c1000 	C:\Users\jrmic\.sonar\native-sonar-scanner\sonar-scanner-5.0.1.3006-windows\jre\bin\msvcp140.dll
0x00007fff8cf70000 - 0x00007fff8dbb8000 	C:\Users\jrmic\.sonar\native-sonar-scanner\sonar-scanner-5.0.1.3006-windows\jre\bin\server\jvm.dll
0x00007fffde750000 - 0x00007fffde803000 	C:\WINDOWS\System32\ADVAPI32.dll
0x00007fffde370000 - 0x00007fffde418000 	C:\WINDOWS\System32\sechost.dll
0x00007fffdcd80000 - 0x00007fffdcda8000 	C:\WINDOWS\System32\bcrypt.dll
0x00007fffdd260000 - 0x00007fffdd377000 	C:\WINDOWS\System32\RPCRT4.dll
0x00007fffd58d0000 - 0x00007fffd5904000 	C:\WINDOWS\SYSTEM32\WINMM.dll
0x00007fffbfc40000 - 0x00007fffbfc49000 	C:\WINDOWS\SYSTEM32\WSOCK32.dll
0x00007fffd38e0000 - 0x00007fffd38ea000 	C:\WINDOWS\SYSTEM32\VERSION.dll
0x00007fffdf1c0000 - 0x00007fffdf231000 	C:\WINDOWS\System32\WS2_32.dll
0x00007fffdb7d0000 - 0x00007fffdb7e8000 	C:\WINDOWS\SYSTEM32\kernel.appcore.dll
0x00007fffcb680000 - 0x00007fffcb68a000 	C:\Users\jrmic\.sonar\native-sonar-scanner\sonar-scanner-5.0.1.3006-windows\jre\bin\jimage.dll
0x00007fffd9ec0000 - 0x00007fffda0f3000 	C:\WINDOWS\SYSTEM32\DBGHELP.DLL
0x00007fffdd380000 - 0x00007fffdd709000 	C:\WINDOWS\System32\combase.dll
0x00007fffde5e0000 - 0x00007fffde6b7000 	C:\WINDOWS\System32\OLEAUT32.dll
0x00007fffd3340000 - 0x00007fffd3372000 	C:\WINDOWS\SYSTEM32\dbgcore.DLL
0x00007fffdcdb0000 - 0x00007fffdce2a000 	C:\WINDOWS\System32\bcryptPrimitives.dll
0x00007fffa0790000 - 0x00007fffa07b5000 	C:\Users\jrmic\.sonar\native-sonar-scanner\sonar-scanner-5.0.1.3006-windows\jre\bin\java.dll
0x00007fff8e000000 - 0x00007fff8e0d6000 	C:\Users\jrmic\.sonar\native-sonar-scanner\sonar-scanner-5.0.1.3006-windows\jre\bin\jsvml.dll
0x00007fffdd830000 - 0x00007fffde08a000 	C:\WINDOWS\System32\SHELL32.dll
0x00007fffda5d0000 - 0x00007fffdaec6000 	C:\WINDOWS\SYSTEM32\windows.storage.dll
0x00007fffda490000 - 0x00007fffda5ce000 	C:\WINDOWS\SYSTEM32\wintypes.dll
0x00007fffdd730000 - 0x00007fffdd823000 	C:\WINDOWS\System32\SHCORE.dll
0x00007fffdf270000 - 0x00007fffdf2ce000 	C:\WINDOWS\System32\shlwapi.dll
0x00007fffdc5e0000 - 0x00007fffdc606000 	C:\WINDOWS\SYSTEM32\profapi.dll
0x00007fff93df0000 - 0x00007fff93e09000 	C:\Users\jrmic\.sonar\native-sonar-scanner\sonar-scanner-5.0.1.3006-windows\jre\bin\net.dll
0x00007fffd6d30000 - 0x00007fffd6e67000 	C:\WINDOWS\SYSTEM32\WINHTTP.dll
0x00007fffdbc50000 - 0x00007fffdbcb9000 	C:\WINDOWS\system32\mswsock.dll
0x00007fff90d20000 - 0x00007fff90d35000 	C:\Users\jrmic\.sonar\native-sonar-scanner\sonar-scanner-5.0.1.3006-windows\jre\bin\nio.dll
0x00007fff90d00000 - 0x00007fff90d18000 	C:\Users\jrmic\.sonar\native-sonar-scanner\sonar-scanner-5.0.1.3006-windows\jre\bin\zip.dll
0x00007fffb2f50000 - 0x00007fffb2f5e000 	C:\Users\jrmic\.sonar\native-sonar-scanner\sonar-scanner-5.0.1.3006-windows\jre\bin\sunmscapi.dll
0x00007fffdce30000 - 0x00007fffdcf96000 	C:\WINDOWS\System32\CRYPT32.dll
0x00007fffdc040000 - 0x00007fffdc06e000 	C:\WINDOWS\SYSTEM32\ncrypt.dll
0x00007fffdc000000 - 0x00007fffdc037000 	C:\WINDOWS\SYSTEM32\NTASN1.dll
0x00007fffdbea0000 - 0x00007fffdbebb000 	C:\WINDOWS\SYSTEM32\CRYPTSP.dll
0x00007fffdb730000 - 0x00007fffdb765000 	C:\WINDOWS\system32\rsaenh.dll
0x00007fffdbd40000 - 0x00007fffdbd6c000 	C:\WINDOWS\SYSTEM32\USERENV.dll
0x00007fffdbec0000 - 0x00007fffdbecc000 	C:\WINDOWS\SYSTEM32\CRYPTBASE.dll
0x00007fffdb1a0000 - 0x00007fffdb1cd000 	C:\WINDOWS\SYSTEM32\IPHLPAPI.DLL
0x00007fffde9a0000 - 0x00007fffde9a9000 	C:\WINDOWS\System32\NSI.dll
0x00007fffd6bb0000 - 0x00007fffd6bc9000 	C:\WINDOWS\SYSTEM32\dhcpcsvc6.DLL
0x00007fffd6b90000 - 0x00007fffd6baf000 	C:\WINDOWS\SYSTEM32\dhcpcsvc.DLL
0x00007fffdb1d0000 - 0x00007fffdb2c9000 	C:\WINDOWS\SYSTEM32\DNSAPI.dll
0x00007fffd5b20000 - 0x00007fffd5b2a000 	C:\Windows\System32\rasadhlp.dll
0x00007fffd60c0000 - 0x00007fffd6143000 	C:\WINDOWS\System32\fwpuclnt.dll
0x00007fffb2de0000 - 0x00007fffb2df0000 	C:\Users\jrmic\.sonar\native-sonar-scanner\sonar-scanner-5.0.1.3006-windows\jre\bin\verify.dll
0x00007fffa56f0000 - 0x00007fffa56f8000 	C:\WINDOWS\system32\wshunix.dll

dbghelp: loaded successfully - version: 4.0.5 - missing functions: none
symbol engine: initialized successfully - sym options: 0x614 - pdb path: .;C:\Users\jrmic\.sonar\native-sonar-scanner\sonar-scanner-5.0.1.3006-windows\jre\bin;C:\WINDOWS\SYSTEM32;C:\WINDOWS\WinSxS\amd64_microsoft.windows.common-controls_6595b64144ccf1df_6.0.22621.2506_none_270c5ae97388e100;C:\Users\jrmic\.sonar\native-sonar-scanner\sonar-scanner-5.0.1.3006-windows\jre\bin\server

VM Arguments:
jvm_args: -Djava.awt.headless=true -Dscanner.home=C:\Users\jrmic\.sonar\native-sonar-scanner\sonar-scanner-5.0.1.3006-windows\bin\.. -Dproject.home=C:\Users\jrmic\OneDrive\Escritorio\Arquitectura de software 
java_command: org.sonarsource.scanner.cli.Main --from=ScannerNpm/3.3.0
java_class_path (initial): C:\Users\jrmic\.sonar\native-sonar-scanner\sonar-scanner-5.0.1.3006-windows\bin\..\lib\sonar-scanner-cli-5.0.1.3006.jar
Launcher Type: SUN_STANDARD

[Global flags]
     intx CICompilerCount                          = 12                                        {product} {ergonomic}
     uint ConcGCThreads                            = 3                                         {product} {ergonomic}
     uint G1ConcRefinementThreads                  = 13                                        {product} {ergonomic}
   size_t G1HeapRegionSize                         = 2097152                                   {product} {ergonomic}
    uintx GCDrainStackTargetSize                   = 64                                        {product} {ergonomic}
   size_t InitialHeapSize                          = 264241152                                 {product} {ergonomic}
   size_t MarkStackSize                            = 4194304                                   {product} {ergonomic}
   size_t MaxHeapSize                              = 4196401152                                {product} {ergonomic}
   size_t MaxNewSize                               = 2516582400                                {product} {ergonomic}
   size_t MinHeapDeltaBytes                        = 2097152                                   {product} {ergonomic}
   size_t MinHeapSize                              = 8388608                                   {product} {ergonomic}
    uintx NonNMethodCodeHeapSize                   = 7602480                                {pd product} {ergonomic}
    uintx NonProfiledCodeHeapSize                  = 122027880                              {pd product} {ergonomic}
    uintx ProfiledCodeHeapSize                     = 122027880                              {pd product} {ergonomic}
    uintx ReservedCodeCacheSize                    = 251658240                              {pd product} {ergonomic}
     bool SegmentedCodeCache                       = true                                      {product} {ergonomic}
   size_t SoftMaxHeapSize                          = 4196401152                             {manageable} {ergonomic}
     bool UseCompressedClassPointers               = true                           {product lp64_product} {ergonomic}
     bool UseCompressedOops                        = true                           {product lp64_product} {ergonomic}
     bool UseG1GC                                  = true                                      {product} {ergonomic}
     bool UseLargePagesIndividualAllocation        = false                                  {pd product} {ergonomic}

Logging:
Log output configuration:
 #0: stdout all=warning uptime,level,tags
 #1: stderr all=off uptime,level,tags

Environment Variables:
JAVA_HOME=C:\Users\jrmic\.sonar\native-sonar-scanner\sonar-scanner-5.0.1.3006-windows\bin\..\jre
PATH=C:\Users\jrmic\OneDrive\Escritorio\Arquitectura de software\node_modules\.bin;C:\Users\jrmic\OneDrive\Escritorio\node_modules\.bin;C:\Users\jrmic\OneDrive\node_modules\.bin;C:\Users\jrmic\node_modules\.bin;C:\Users\node_modules\.bin;C:\node_modules\.bin;C:\Users\jrmic\AppData\Roaming\npm\node_modules\npm\node_modules\@npmcli\run-script\lib\node-gyp-bin;C:\Users\jrmic\bin;C:\Program Files\Git\mingw64\bin;C:\Program Files\Git\usr\local\bin;C:\Program Files\Git\usr\bin;C:\Program Files\Git\usr\bin;C:\Program Files\Git\mingw64\bin;C:\Program Files\Git\usr\bin;C:\Users\jrmic\bin;C:\Python311\Scripts;C:\Python311;C:\Program Files\Common Files\Oracle\Java\javapath;C:\Program Files (x86)\Common Files\Oracle\Java\javapath;C:\Windows\system32;C:\Windows;C:\Windows\System32\Wbem;C:\Windows\System32\WindowsPowerShell\v1.0;C:\Windows\System32\OpenSSH;C:\Program Files (x86)\NVIDIA Corporation\PhysX\Common;C:\WINDOWS\system32;C:\WINDOWS;C:\WINDOWS\System32\Wbem;C:\WINDOWS\System32\WindowsPowerShell\v1.0;C:\WINDOWS\System32\OpenSSH;C:\ProgramData\chocolatey\bin;C:\Program Files\NVIDIA Corporation\NVIDIA NvDLISR;C:\Program Files\Git\cmd;C:\Program Files\nodejs;C:\Program Files\MySQL\MySQL Shell 8.0\bin;C:\Users\jrmic\AppData\Local\Microsoft\WindowsApps;C:\Users\jrmic\AppData\Local\Programs\Microsoft VS Code\bin;C:\Users\jrmic\IntelliJ IDEA 2022.3.1\bin;C:\Users\jrmic\AppData\Local\GitHubDesktop\bin;C:\Users\jrmic\AppData\Roaming\npm;C:\Program Files\Git\usr\bin\vendor_perl;C:\Program Files\Git\usr\bin\core_perl
USERNAME=jrmic
SHELL=C:\Program Files\Git\usr\bin\bash.exe
DISPLAY=needs-to-be-defined
LANG=es_ES.UTF-8
TERM=xterm-256color
TMPDIR=C:\Users\jrmic\AppData\Local\Temp
OS=Windows_NT
PROCESSOR_IDENTIFIER=Intel64 Family 6 Model 154 Stepping 3, GenuineIntel
TMP=C:\Users\jrmic\AppData\Local\Temp
TEMP=C:\Users\jrmic\AppData\Local\Temp



---------------  S Y S T E M  ---------------

OS:
 Windows 11 , 64 bit Build 22621 (10.0.22621.2506)
OS uptime: 1 days 20:11 hours
Hyper-V role detected

CPU: total 16 (initial active 16) (8 cores per cpu, 2 threads per core) family 6 model 154 stepping 3 microcode 0x429, cx8, cmov, fxsr, ht, mmx, 3dnowpref, sse, sse2, sse3, ssse3, sse4.1, sse4.2, popcnt, lzcnt, tsc, tscinvbit, avx, avx2, aes, erms, clmul, bmi1, bmi2, adx, sha, fma, vzeroupper, clflush, clflushopt, clwb, hv

Memory: 4k page, system-wide physical 16004M (1176M free)
TotalPageFile size 65156M (AvailPageFile size 0M)
current process WorkingSet (physical memory assigned to process): 283M, peak: 308M
current process commit charge ("private bytes"): 340M, peak: 400M

vm_info: OpenJDK 64-Bit Server VM (17.0.7+7) for windows-amd64 JRE (17.0.7+7), built on Apr 18 2023 22:10:42 by "temurin" with MS VC++ 16.7 (VS2019)

END.
